<?xml version="1.0" encoding="UTF-8"?>
<!-- Generated by org.testng.reporters.JUnitXMLReporter -->
<testsuite ignored="0" hostname="DESKTOP-HA2CFC5" failures="0" tests="3" name="Login testcases firefox" time="0.026" errors="0" timestamp="2025-06-24T18:42:18 ICT">
  <testcase classname="autotest.testcasesHD.LoginTestcases" name="loginWrongUser" time="0.0">
    <skipped/>
  </testcase> <!-- loginWrongUser -->
  <testcase classname="autotest.testcasesHD.LoginTestcases" name="loginWrongpass" time="0.0">
    <skipped/>
  </testcase> <!-- loginWrongpass -->
  <testcase classname="autotest.testcasesHD.LoginTestcases" name="loginsuccess" time="0.0">
    <skipped/>
  </testcase> <!-- loginsuccess -->
</testsuite> <!-- Login testcases firefox -->
