<?xml version="1.0" encoding="UTF-8"?>
<testng-results ignored="0" total="1" passed="1" failed="0" skipped="0">
  <reporter-output>
  </reporter-output>
  <suite started-at="2025-03-02T18:54:28 ICT" name="Default suite" finished-at="2025-03-02T18:54:32 ICT" duration-ms="4717">
    <groups>
    </groups>
    <test started-at="2025-03-02T18:54:28 ICT" name="Default test" finished-at="2025-03-02T18:54:32 ICT" duration-ms="4717">
      <class name="autotest.testcases.LoginTestcases">
        <test-method is-config="true" signature="startPage()[pri:0, instance:autotest.testcases.LoginTestcases@47d9a273]" started-at="2025-03-02T18:54:28 ICT" name="startPage" finished-at="2025-03-02T18:54:32 ICT" duration-ms="4261" status="PASS">
          <reporter-output>
          </reporter-output>
        </test-method> <!-- startPage -->
        <test-method signature="login1()[pri:0, instance:autotest.testcases.LoginTestcases@47d9a273]" started-at="2025-03-02T18:54:32 ICT" name="login1" finished-at="2025-03-02T18:54:32 ICT" duration-ms="16" status="PASS">
          <reporter-output>
          </reporter-output>
        </test-method> <!-- login1 -->
        <test-method is-config="true" signature="closePage()[pri:0, instance:autotest.testcases.LoginTestcases@47d9a273]" started-at="2025-03-02T18:54:32 ICT" name="closePage" finished-at="2025-03-02T18:54:32 ICT" duration-ms="353" status="PASS">
          <reporter-output>
          </reporter-output>
        </test-method> <!-- closePage -->
      </class> <!-- autotest.testcases.LoginTestcases -->
    </test> <!-- Default test -->
  </suite> <!-- Default suite -->
</testng-results>
