<?xml version="1.0" encoding="UTF-8"?>
<testng-results ignored="0" total="13" passed="9" failed="4" skipped="0">
  <reporter-output>
  </reporter-output>
  <suite started-at="2024-12-01T18:49:39 GMT+07:00" name="Default suite" finished-at="2024-12-01T18:51:01 GMT+07:00" duration-ms="81142">
    <groups>
    </groups>
    <test started-at="2024-12-01T18:49:39 GMT+07:00" name="Default test" finished-at="2024-12-01T18:51:01 GMT+07:00" duration-ms="81142">
      <class name="autotest.testcases.CreateInvoicePageTestCase">
        <test-method is-config="true" signature="init()[pri:0, instance:autotest.testcases.CreateInvoicePageTestCase@36bc55de]" started-at="2024-12-01T18:49:39 GMT+07:00" name="init" finished-at="2024-12-01T18:50:07 GMT+07:00" duration-ms="27179" status="PASS">
          <reporter-output>
          </reporter-output>
        </test-method> <!-- init -->
        <test-method signature="tc1_GoToPage_Successful()[pri:1, instance:autotest.testcases.CreateInvoicePageTestCase@36bc55de]" started-at="2024-12-01T18:50:07 GMT+07:00" name="tc1_GoToPage_Successful" finished-at="2024-12-01T18:50:11 GMT+07:00" duration-ms="4264" status="PASS">
          <reporter-output>
          </reporter-output>
        </test-method> <!-- tc1_GoToPage_Successful -->
        <test-method signature="tc2_ClickTaoMoi_Validate_Email(java.lang.String,java.lang.String,boolean)[pri:2, instance:autotest.testcases.CreateInvoicePageTestCase@36bc55de]" started-at="2024-12-01T18:50:11 GMT+07:00" name="tc2_ClickTaoMoi_Validate_Email" data-provider="dataProvider_TaoMoiFail_ValidateEmail" finished-at="2024-12-01T18:50:11 GMT+07:00" duration-ms="543" status="PASS">
          <params>
            <param index="0">
              <value>
                <![CDATA[Test case 1]]>
              </value>
            </param>
            <param index="1">
              <value>
                <![CDATA[abc]]>
              </value>
            </param>
            <param index="2">
              <value>
                <![CDATA[true]]>
              </value>
            </param>
          </params>
          <reporter-output>
          </reporter-output>
        </test-method> <!-- tc2_ClickTaoMoi_Validate_Email -->
        <test-method signature="tc2_ClickTaoMoi_Validate_Email(java.lang.String,java.lang.String,boolean)[pri:2, instance:autotest.testcases.CreateInvoicePageTestCase@36bc55de]" started-at="2024-12-01T18:50:11 GMT+07:00" name="tc2_ClickTaoMoi_Validate_Email" data-provider="dataProvider_TaoMoiFail_ValidateEmail" finished-at="2024-12-01T18:50:12 GMT+07:00" duration-ms="207" status="PASS">
          <params>
            <param index="0">
              <value>
                <![CDATA[Test case 2]]>
              </value>
            </param>
            <param index="1">
              <value>
                <![CDATA[abc@]]>
              </value>
            </param>
            <param index="2">
              <value>
                <![CDATA[true]]>
              </value>
            </param>
          </params>
          <reporter-output>
          </reporter-output>
        </test-method> <!-- tc2_ClickTaoMoi_Validate_Email -->
        <test-method signature="tc2_ClickTaoMoi_Validate_Email(java.lang.String,java.lang.String,boolean)[pri:2, instance:autotest.testcases.CreateInvoicePageTestCase@36bc55de]" started-at="2024-12-01T18:50:12 GMT+07:00" name="tc2_ClickTaoMoi_Validate_Email" data-provider="dataProvider_TaoMoiFail_ValidateEmail" finished-at="2024-12-01T18:50:12 GMT+07:00" duration-ms="109" status="FAIL">
          <params>
            <param index="0">
              <value>
                <![CDATA[Test case 3]]>
              </value>
            </param>
            <param index="1">
              <value>
                <![CDATA[abc@abdb]]>
              </value>
            </param>
            <param index="2">
              <value>
                <![CDATA[false]]>
              </value>
            </param>
          </params>
          <exception class="java.lang.AssertionError">
            <message>
              <![CDATA[expected [false] but found [true]]]>
            </message>
            <full-stacktrace>
              <![CDATA[java.lang.AssertionError: expected [false] but found [true]
at org.testng.Assert.fail(Assert.java:99)
at org.testng.Assert.failNotEquals(Assert.java:1037)
at org.testng.Assert.assertEqualsImpl(Assert.java:140)
at org.testng.Assert.assertEquals(Assert.java:122)
at org.testng.Assert.assertEquals(Assert.java:819)
at org.testng.Assert.assertEquals(Assert.java:829)
at autotest.testcases.CreateInvoicePageTestCase.tc2_ClickTaoMoi_Validate_Email(CreateInvoicePageTestCase.java:64)
at java.base/jdk.internal.reflect.DirectMethodHandleAccessor.invoke(DirectMethodHandleAccessor.java:103)
at java.base/java.lang.reflect.Method.invoke(Method.java:580)
at org.testng.internal.MethodInvocationHelper.invokeMethod(MethodInvocationHelper.java:133)
at org.testng.internal.TestInvoker.invokeMethod(TestInvoker.java:598)
at org.testng.internal.TestInvoker.invokeTestMethod(TestInvoker.java:173)
at org.testng.internal.MethodRunner.runInSequence(MethodRunner.java:46)
at org.testng.internal.TestInvoker$MethodInvocationAgent.invoke(TestInvoker.java:824)
at org.testng.internal.TestInvoker.invokeTestMethods(TestInvoker.java:146)
at org.testng.internal.TestMethodWorker.invokeTestMethods(TestMethodWorker.java:146)
at org.testng.internal.TestMethodWorker.run(TestMethodWorker.java:128)
at java.base/java.util.ArrayList.forEach(ArrayList.java:1597)
at org.testng.TestRunner.privateRun(TestRunner.java:794)
at org.testng.TestRunner.run(TestRunner.java:596)
at org.testng.SuiteRunner.runTest(SuiteRunner.java:377)
at org.testng.SuiteRunner.runSequentially(SuiteRunner.java:371)
at org.testng.SuiteRunner.privateRun(SuiteRunner.java:332)
at org.testng.SuiteRunner.run(SuiteRunner.java:276)
at org.testng.SuiteRunnerWorker.runSuite(SuiteRunnerWorker.java:53)
at org.testng.SuiteRunnerWorker.run(SuiteRunnerWorker.java:96)
at org.testng.TestNG.runSuitesSequentially(TestNG.java:1212)
at org.testng.TestNG.runSuitesLocally(TestNG.java:1134)
at org.testng.TestNG.runSuites(TestNG.java:1063)
at org.testng.TestNG.run(TestNG.java:1031)
at org.testng.remote.AbstractRemoteTestNG.run(AbstractRemoteTestNG.java:115)
at org.testng.remote.RemoteTestNG.initAndRun(RemoteTestNG.java:293)
at org.testng.remote.RemoteTestNG.main(RemoteTestNG.java:91)
]]>
            </full-stacktrace>
          </exception> <!-- java.lang.AssertionError -->
          <reporter-output>
          </reporter-output>
        </test-method> <!-- tc2_ClickTaoMoi_Validate_Email -->
        <test-method signature="tc2_ClickTaoMoi_Validate_Email(java.lang.String,java.lang.String,boolean)[pri:2, instance:autotest.testcases.CreateInvoicePageTestCase@36bc55de]" started-at="2024-12-01T18:50:12 GMT+07:00" name="tc2_ClickTaoMoi_Validate_Email" data-provider="dataProvider_TaoMoiFail_ValidateEmail" finished-at="2024-12-01T18:50:12 GMT+07:00" duration-ms="334" status="PASS">
          <params>
            <param index="0">
              <value>
                <![CDATA[Test case 4]]>
              </value>
            </param>
            <param index="1">
              <value>
                <![CDATA[abc@ahsjk.]]>
              </value>
            </param>
            <param index="2">
              <value>
                <![CDATA[true]]>
              </value>
            </param>
          </params>
          <reporter-output>
          </reporter-output>
        </test-method> <!-- tc2_ClickTaoMoi_Validate_Email -->
        <test-method signature="tc2_ClickTaoMoi_Validate_Email(java.lang.String,java.lang.String,boolean)[pri:2, instance:autotest.testcases.CreateInvoicePageTestCase@36bc55de]" started-at="2024-12-01T18:50:12 GMT+07:00" name="tc2_ClickTaoMoi_Validate_Email" data-provider="dataProvider_TaoMoiFail_ValidateEmail" finished-at="2024-12-01T18:50:12 GMT+07:00" duration-ms="99" status="FAIL">
          <params>
            <param index="0">
              <value>
                <![CDATA[Test case 5]]>
              </value>
            </param>
            <param index="1">
              <value>
                <![CDATA[abc@ahsjk.com]]>
              </value>
            </param>
            <param index="2">
              <value>
                <![CDATA[false]]>
              </value>
            </param>
          </params>
          <exception class="java.lang.AssertionError">
            <message>
              <![CDATA[expected [false] but found [true]]]>
            </message>
            <full-stacktrace>
              <![CDATA[java.lang.AssertionError: expected [false] but found [true]
at org.testng.Assert.fail(Assert.java:99)
at org.testng.Assert.failNotEquals(Assert.java:1037)
at org.testng.Assert.assertEqualsImpl(Assert.java:140)
at org.testng.Assert.assertEquals(Assert.java:122)
at org.testng.Assert.assertEquals(Assert.java:819)
at org.testng.Assert.assertEquals(Assert.java:829)
at autotest.testcases.CreateInvoicePageTestCase.tc2_ClickTaoMoi_Validate_Email(CreateInvoicePageTestCase.java:64)
at java.base/jdk.internal.reflect.DirectMethodHandleAccessor.invoke(DirectMethodHandleAccessor.java:103)
at java.base/java.lang.reflect.Method.invoke(Method.java:580)
at org.testng.internal.MethodInvocationHelper.invokeMethod(MethodInvocationHelper.java:133)
at org.testng.internal.TestInvoker.invokeMethod(TestInvoker.java:598)
at org.testng.internal.TestInvoker.invokeTestMethod(TestInvoker.java:173)
at org.testng.internal.MethodRunner.runInSequence(MethodRunner.java:46)
at org.testng.internal.TestInvoker$MethodInvocationAgent.invoke(TestInvoker.java:824)
at org.testng.internal.TestInvoker.invokeTestMethods(TestInvoker.java:146)
at org.testng.internal.TestMethodWorker.invokeTestMethods(TestMethodWorker.java:146)
at org.testng.internal.TestMethodWorker.run(TestMethodWorker.java:128)
at java.base/java.util.ArrayList.forEach(ArrayList.java:1597)
at org.testng.TestRunner.privateRun(TestRunner.java:794)
at org.testng.TestRunner.run(TestRunner.java:596)
at org.testng.SuiteRunner.runTest(SuiteRunner.java:377)
at org.testng.SuiteRunner.runSequentially(SuiteRunner.java:371)
at org.testng.SuiteRunner.privateRun(SuiteRunner.java:332)
at org.testng.SuiteRunner.run(SuiteRunner.java:276)
at org.testng.SuiteRunnerWorker.runSuite(SuiteRunnerWorker.java:53)
at org.testng.SuiteRunnerWorker.run(SuiteRunnerWorker.java:96)
at org.testng.TestNG.runSuitesSequentially(TestNG.java:1212)
at org.testng.TestNG.runSuitesLocally(TestNG.java:1134)
at org.testng.TestNG.runSuites(TestNG.java:1063)
at org.testng.TestNG.run(TestNG.java:1031)
at org.testng.remote.AbstractRemoteTestNG.run(AbstractRemoteTestNG.java:115)
at org.testng.remote.RemoteTestNG.initAndRun(RemoteTestNG.java:293)
at org.testng.remote.RemoteTestNG.main(RemoteTestNG.java:91)
]]>
            </full-stacktrace>
          </exception> <!-- java.lang.AssertionError -->
          <reporter-output>
          </reporter-output>
        </test-method> <!-- tc2_ClickTaoMoi_Validate_Email -->
        <test-method signature="tc2_ClickTaoMoi_Validate_Email(java.lang.String,java.lang.String,boolean)[pri:2, instance:autotest.testcases.CreateInvoicePageTestCase@36bc55de]" started-at="2024-12-01T18:50:12 GMT+07:00" name="tc2_ClickTaoMoi_Validate_Email" data-provider="dataProvider_TaoMoiFail_ValidateEmail" finished-at="2024-12-01T18:50:13 GMT+07:00" duration-ms="363" status="PASS">
          <params>
            <param index="0">
              <value>
                <![CDATA[Test case 6]]>
              </value>
            </param>
            <param index="1">
              <value>
                <![CDATA[abc@ahsjk@fsds]]>
              </value>
            </param>
            <param index="2">
              <value>
                <![CDATA[true]]>
              </value>
            </param>
          </params>
          <reporter-output>
          </reporter-output>
        </test-method> <!-- tc2_ClickTaoMoi_Validate_Email -->
        <test-method signature="tc3_ClickTaoMoi_Validate_Error(java.lang.String,autocom.common.NguoiMua,boolean,java.lang.String)[pri:3, instance:autotest.testcases.CreateInvoicePageTestCase@36bc55de]" started-at="2024-12-01T18:50:13 GMT+07:00" name="tc3_ClickTaoMoi_Validate_Error" data-provider="dataProvider_TaoMoiFail_FullValue_NotHangHoa" finished-at="2024-12-01T18:50:30 GMT+07:00" duration-ms="17344" status="FAIL">
          <params>
            <param index="0">
              <value>
                <![CDATA[Test case 1]]>
              </value>
            </param>
            <param index="1">
              <value>
                <![CDATA[autocom.common.NguoiMua@30b34287]]>
              </value>
            </param>
            <param index="2">
              <value>
                <![CDATA[false]]>
              </value>
            </param>
            <param index="3">
              <value>
                <![CDATA[Tên đơn vị hoặc người mua hàng không được bỏ trống]]>
              </value>
            </param>
          </params>
          <exception class="org.openqa.selenium.NoSuchElementException">
            <message>
              <![CDATA[no such element: Unable to locate element: {"method":"xpath","selector":"//div[contains(@class, 'p-toast-detail') and contains(text(), 'Tên đơn vị hoặc người mua hàng không được bỏ trống')]"}
  (Session info: chrome=131.0.6778.86)
For documentation on this error, please visit: https://www.seleniumhq.org/exceptions/no_such_element.html
Build info: version: '3.141.59', revision: 'e82be7d358', time: '2018-11-14T08:17:03'
System info: host: '192.168.x.x.non-exists.ptr.local', ip: 'fe80:0:0:0:1012:478f:8072:524e%en0', os.name: 'Mac OS X', os.arch: 'x86_64', os.version: '14.5', java.version: '23.0.1'
Driver info: org.openqa.selenium.chrome.ChromeDriver
Capabilities {acceptInsecureCerts: false, browserName: chrome, browserVersion: 131.0.6778.86, chrome: {chromedriverVersion: 131.0.6778.85 (3d81e41b6f3a..., userDataDir: /var/folders/wm/0jx23qs5691...}, fedcm:accounts: true, goog:chromeOptions: {debuggerAddress: localhost:54505}, javascriptEnabled: true, networkConnectionEnabled: false, pageLoadStrategy: normal, platform: MAC, platformName: MAC, proxy: Proxy(), setWindowRect: true, strictFileInteractability: false, timeouts: {implicit: 0, pageLoad: 300000, script: 30000}, unhandledPromptBehavior: dismiss and notify, webauthn:extension:credBlob: true, webauthn:extension:largeBlob: true, webauthn:extension:minPinLength: true, webauthn:extension:prf: true, webauthn:virtualAuthenticators: true}
Session ID: 2be40aba63017643237884c31e27138a
*** Element info: {Using=xpath, value=//div[contains(@class, 'p-toast-detail') and contains(text(), 'Tên đơn vị hoặc người mua hàng không được bỏ trống')]}]]>
            </message>
            <full-stacktrace>
              <![CDATA[org.openqa.selenium.NoSuchElementException: no such element: Unable to locate element: {"method":"xpath","selector":"//div[contains(@class, 'p-toast-detail') and contains(text(), 'Tên đơn vị hoặc người mua hàng không được bỏ trống')]"}
  (Session info: chrome=131.0.6778.86)
For documentation on this error, please visit: https://www.seleniumhq.org/exceptions/no_such_element.html
Build info: version: '3.141.59', revision: 'e82be7d358', time: '2018-11-14T08:17:03'
System info: host: '192.168.x.x.non-exists.ptr.local', ip: 'fe80:0:0:0:1012:478f:8072:524e%en0', os.name: 'Mac OS X', os.arch: 'x86_64', os.version: '14.5', java.version: '23.0.1'
Driver info: org.openqa.selenium.chrome.ChromeDriver
Capabilities {acceptInsecureCerts: false, browserName: chrome, browserVersion: 131.0.6778.86, chrome: {chromedriverVersion: 131.0.6778.85 (3d81e41b6f3a..., userDataDir: /var/folders/wm/0jx23qs5691...}, fedcm:accounts: true, goog:chromeOptions: {debuggerAddress: localhost:54505}, javascriptEnabled: true, networkConnectionEnabled: false, pageLoadStrategy: normal, platform: MAC, platformName: MAC, proxy: Proxy(), setWindowRect: true, strictFileInteractability: false, timeouts: {implicit: 0, pageLoad: 300000, script: 30000}, unhandledPromptBehavior: dismiss and notify, webauthn:extension:credBlob: true, webauthn:extension:largeBlob: true, webauthn:extension:minPinLength: true, webauthn:extension:prf: true, webauthn:virtualAuthenticators: true}
Session ID: 2be40aba63017643237884c31e27138a
*** Element info: {Using=xpath, value=//div[contains(@class, 'p-toast-detail') and contains(text(), 'Tên đơn vị hoặc người mua hàng không được bỏ trống')]}
at java.base/jdk.internal.reflect.DirectConstructorHandleAccessor.newInstance(DirectConstructorHandleAccessor.java:62)
at java.base/java.lang.reflect.Constructor.newInstanceWithCaller(Constructor.java:501)
at java.base/java.lang.reflect.Constructor.newInstance(Constructor.java:485)
at org.openqa.selenium.remote.http.W3CHttpResponseCodec.createException(W3CHttpResponseCodec.java:187)
at org.openqa.selenium.remote.http.W3CHttpResponseCodec.decode(W3CHttpResponseCodec.java:122)
at org.openqa.selenium.remote.http.W3CHttpResponseCodec.decode(W3CHttpResponseCodec.java:49)
at org.openqa.selenium.remote.HttpCommandExecutor.execute(HttpCommandExecutor.java:158)
at org.openqa.selenium.remote.service.DriverCommandExecutor.execute(DriverCommandExecutor.java:83)
at org.openqa.selenium.remote.RemoteWebDriver.execute(RemoteWebDriver.java:552)
at org.openqa.selenium.remote.RemoteWebDriver.findElement(RemoteWebDriver.java:323)
at org.openqa.selenium.remote.RemoteWebDriver.findElementByXPath(RemoteWebDriver.java:428)
at org.openqa.selenium.By$ByXPath.findElement(By.java:353)
at org.openqa.selenium.remote.RemoteWebDriver.findElement(RemoteWebDriver.java:315)
at autocom.common.CommonPage.isShowAlert(CommonPage.java:58)
at autotest.testcases.CreateInvoicePageTestCase.tc3_ClickTaoMoi_Validate_Error(CreateInvoicePageTestCase.java:98)
at java.base/jdk.internal.reflect.DirectMethodHandleAccessor.invoke(DirectMethodHandleAccessor.java:103)
at java.base/java.lang.reflect.Method.invoke(Method.java:580)
at org.testng.internal.MethodInvocationHelper.invokeMethod(MethodInvocationHelper.java:133)
at org.testng.internal.TestInvoker.invokeMethod(TestInvoker.java:598)
at org.testng.internal.TestInvoker.invokeTestMethod(TestInvoker.java:173)
at org.testng.internal.MethodRunner.runInSequence(MethodRunner.java:46)
at org.testng.internal.TestInvoker$MethodInvocationAgent.invoke(TestInvoker.java:824)
at org.testng.internal.TestInvoker.invokeTestMethods(TestInvoker.java:146)
at org.testng.internal.TestMethodWorker.invokeTestMethods(TestMethodWorker.java:146)
at org.testng.internal.TestMethodWorker.run(TestMethodWorker.java:128)
at java.base/java.util.ArrayList.forEach(ArrayList.java:1597)
at org.testng.TestRunner.privateRun(TestRunner.java:794)
at org.testng.TestRunner.run(TestRunner.java:596)
at org.testng.SuiteRunner.runTest(SuiteRunner.java:377)
at org.testng.SuiteRunner.runSequentially(SuiteRunner.java:371)
at org.testng.SuiteRunner.privateRun(SuiteRunner.java:332)
at org.testng.SuiteRunner.run(SuiteRunner.java:276)
at org.testng.SuiteRunnerWorker.runSuite(SuiteRunnerWorker.java:53)
at org.testng.SuiteRunnerWorker.run(SuiteRunnerWorker.java:96)
at org.testng.TestNG.runSuitesSequentially(TestNG.java:1212)
at org.testng.TestNG.runSuitesLocally(TestNG.java:1134)
at org.testng.TestNG.runSuites(TestNG.java:1063)
at org.testng.TestNG.run(TestNG.java:1031)
at org.testng.remote.AbstractRemoteTestNG.run(AbstractRemoteTestNG.java:115)
at org.testng.remote.RemoteTestNG.initAndRun(RemoteTestNG.java:293)
at org.testng.remote.RemoteTestNG.main(RemoteTestNG.java:91)
]]>
            </full-stacktrace>
          </exception> <!-- org.openqa.selenium.NoSuchElementException -->
          <reporter-output>
          </reporter-output>
        </test-method> <!-- tc3_ClickTaoMoi_Validate_Error -->
        <test-method signature="tc3_ClickTaoMoi_Validate_Error(java.lang.String,autocom.common.NguoiMua,boolean,java.lang.String)[pri:3, instance:autotest.testcases.CreateInvoicePageTestCase@36bc55de]" started-at="2024-12-01T18:50:30 GMT+07:00" name="tc3_ClickTaoMoi_Validate_Error" data-provider="dataProvider_TaoMoiFail_FullValue_NotHangHoa" finished-at="2024-12-01T18:50:39 GMT+07:00" duration-ms="9486" status="PASS">
          <params>
            <param index="0">
              <value>
                <![CDATA[Test case 2]]>
              </value>
            </param>
            <param index="1">
              <value>
                <![CDATA[autocom.common.NguoiMua@4159e81b]]>
              </value>
            </param>
            <param index="2">
              <value>
                <![CDATA[false]]>
              </value>
            </param>
            <param index="3">
              <value>
                <![CDATA[Hoá đơn chưa có hàng hoá / dịch vụ]]>
              </value>
            </param>
          </params>
          <reporter-output>
          </reporter-output>
        </test-method> <!-- tc3_ClickTaoMoi_Validate_Error -->
        <test-method signature="tc3_ClickTaoMoi_Validate_Error(java.lang.String,autocom.common.NguoiMua,boolean,java.lang.String)[pri:3, instance:autotest.testcases.CreateInvoicePageTestCase@36bc55de]" started-at="2024-12-01T18:50:39 GMT+07:00" name="tc3_ClickTaoMoi_Validate_Error" data-provider="dataProvider_TaoMoiFail_FullValue_NotHangHoa" finished-at="2024-12-01T18:50:45 GMT+07:00" duration-ms="6010" status="PASS">
          <params>
            <param index="0">
              <value>
                <![CDATA[Test case 3]]>
              </value>
            </param>
            <param index="1">
              <value>
                <![CDATA[autocom.common.NguoiMua@62ce72ff]]>
              </value>
            </param>
            <param index="2">
              <value>
                <![CDATA[false]]>
              </value>
            </param>
            <param index="3">
              <value>
                <![CDATA[Hoá đơn chưa có hàng hoá / dịch vụ]]>
              </value>
            </param>
          </params>
          <reporter-output>
          </reporter-output>
        </test-method> <!-- tc3_ClickTaoMoi_Validate_Error -->
        <test-method signature="tc3_ClickTaoMoi_Validate_Error(java.lang.String,autocom.common.NguoiMua,boolean,java.lang.String)[pri:3, instance:autotest.testcases.CreateInvoicePageTestCase@36bc55de]" started-at="2024-12-01T18:50:45 GMT+07:00" name="tc3_ClickTaoMoi_Validate_Error" data-provider="dataProvider_TaoMoiFail_FullValue_NotHangHoa" finished-at="2024-12-01T18:50:51 GMT+07:00" duration-ms="5293" status="PASS">
          <params>
            <param index="0">
              <value>
                <![CDATA[Test case 4]]>
              </value>
            </param>
            <param index="1">
              <value>
                <![CDATA[autocom.common.NguoiMua@55259aa7]]>
              </value>
            </param>
            <param index="2">
              <value>
                <![CDATA[false]]>
              </value>
            </param>
            <param index="3">
              <value>
                <![CDATA[Hoá đơn chưa có hàng hoá / dịch vụ]]>
              </value>
            </param>
          </params>
          <reporter-output>
          </reporter-output>
        </test-method> <!-- tc3_ClickTaoMoi_Validate_Error -->
        <test-method signature="tc3_ClickTaoMoi_Validate_Error(java.lang.String,autocom.common.NguoiMua,boolean,java.lang.String)[pri:3, instance:autotest.testcases.CreateInvoicePageTestCase@36bc55de]" started-at="2024-12-01T18:50:51 GMT+07:00" name="tc3_ClickTaoMoi_Validate_Error" data-provider="dataProvider_TaoMoiFail_FullValue_NotHangHoa" finished-at="2024-12-01T18:50:59 GMT+07:00" duration-ms="7931" status="PASS">
          <params>
            <param index="0">
              <value>
                <![CDATA[Test case 5]]>
              </value>
            </param>
            <param index="1">
              <value>
                <![CDATA[autocom.common.NguoiMua@6ae62c7e]]>
              </value>
            </param>
            <param index="2">
              <value>
                <![CDATA[true]]>
              </value>
            </param>
            <param index="3">
              <value>
                <![CDATA[MST [mst] không hợp lệ]]>
              </value>
            </param>
          </params>
          <reporter-output>
          </reporter-output>
        </test-method> <!-- tc3_ClickTaoMoi_Validate_Error -->
        <test-method signature="tc4_TaoMoiThanhCong()[pri:4, instance:autotest.testcases.CreateInvoicePageTestCase@36bc55de]" started-at="2024-12-01T18:50:59 GMT+07:00" name="tc4_TaoMoiThanhCong" finished-at="2024-12-01T18:51:00 GMT+07:00" duration-ms="1734" status="FAIL">
          <exception class="org.openqa.selenium.ElementClickInterceptedException">
            <message>
              <![CDATA[element click intercepted: Element <p-button icon="pi pi-trash" styleclass="p-button-rounded p-button-danger p-button-outlined p-button-sm" class="p-element ng-star-inserted" title="Xóa">...</p-button> is not clickable at point (1301, 741). Other element would receive the click: <div class="p-grid" style="background-color: #f7f7f7; padding: 3px 12px; border-top: 2px solid #cfd9e0; position: fixed; right: 0; bottom: 0; width: 100%;">...</div>
  (Session info: chrome=131.0.6778.86)
Build info: version: '3.141.59', revision: 'e82be7d358', time: '2018-11-14T08:17:03'
System info: host: '192.168.x.x.non-exists.ptr.local', ip: 'fe80:0:0:0:1012:478f:8072:524e%en0', os.name: 'Mac OS X', os.arch: 'x86_64', os.version: '14.5', java.version: '23.0.1'
Driver info: org.openqa.selenium.chrome.ChromeDriver
Capabilities {acceptInsecureCerts: false, browserName: chrome, browserVersion: 131.0.6778.86, chrome: {chromedriverVersion: 131.0.6778.85 (3d81e41b6f3a..., userDataDir: /var/folders/wm/0jx23qs5691...}, fedcm:accounts: true, goog:chromeOptions: {debuggerAddress: localhost:54505}, javascriptEnabled: true, networkConnectionEnabled: false, pageLoadStrategy: normal, platform: MAC, platformName: MAC, proxy: Proxy(), setWindowRect: true, strictFileInteractability: false, timeouts: {implicit: 0, pageLoad: 300000, script: 30000}, unhandledPromptBehavior: dismiss and notify, webauthn:extension:credBlob: true, webauthn:extension:largeBlob: true, webauthn:extension:minPinLength: true, webauthn:extension:prf: true, webauthn:virtualAuthenticators: true}
Session ID: 2be40aba63017643237884c31e27138a]]>
            </message>
            <full-stacktrace>
              <![CDATA[org.openqa.selenium.ElementClickInterceptedException: element click intercepted: Element <p-button icon="pi pi-trash" styleclass="p-button-rounded p-button-danger p-button-outlined p-button-sm" class="p-element ng-star-inserted" title="Xóa">...</p-button> is not clickable at point (1301, 741). Other element would receive the click: <div class="p-grid" style="background-color: #f7f7f7; padding: 3px 12px; border-top: 2px solid #cfd9e0; position: fixed; right: 0; bottom: 0; width: 100%;">...</div>
  (Session info: chrome=131.0.6778.86)
Build info: version: '3.141.59', revision: 'e82be7d358', time: '2018-11-14T08:17:03'
System info: host: '192.168.x.x.non-exists.ptr.local', ip: 'fe80:0:0:0:1012:478f:8072:524e%en0', os.name: 'Mac OS X', os.arch: 'x86_64', os.version: '14.5', java.version: '23.0.1'
Driver info: org.openqa.selenium.chrome.ChromeDriver
Capabilities {acceptInsecureCerts: false, browserName: chrome, browserVersion: 131.0.6778.86, chrome: {chromedriverVersion: 131.0.6778.85 (3d81e41b6f3a..., userDataDir: /var/folders/wm/0jx23qs5691...}, fedcm:accounts: true, goog:chromeOptions: {debuggerAddress: localhost:54505}, javascriptEnabled: true, networkConnectionEnabled: false, pageLoadStrategy: normal, platform: MAC, platformName: MAC, proxy: Proxy(), setWindowRect: true, strictFileInteractability: false, timeouts: {implicit: 0, pageLoad: 300000, script: 30000}, unhandledPromptBehavior: dismiss and notify, webauthn:extension:credBlob: true, webauthn:extension:largeBlob: true, webauthn:extension:minPinLength: true, webauthn:extension:prf: true, webauthn:virtualAuthenticators: true}
Session ID: 2be40aba63017643237884c31e27138a
at java.base/jdk.internal.reflect.DirectConstructorHandleAccessor.newInstance(DirectConstructorHandleAccessor.java:62)
at java.base/java.lang.reflect.Constructor.newInstanceWithCaller(Constructor.java:501)
at java.base/java.lang.reflect.Constructor.newInstance(Constructor.java:485)
at org.openqa.selenium.remote.http.W3CHttpResponseCodec.createException(W3CHttpResponseCodec.java:187)
at org.openqa.selenium.remote.http.W3CHttpResponseCodec.decode(W3CHttpResponseCodec.java:122)
at org.openqa.selenium.remote.http.W3CHttpResponseCodec.decode(W3CHttpResponseCodec.java:49)
at org.openqa.selenium.remote.HttpCommandExecutor.execute(HttpCommandExecutor.java:158)
at org.openqa.selenium.remote.service.DriverCommandExecutor.execute(DriverCommandExecutor.java:83)
at org.openqa.selenium.remote.RemoteWebDriver.execute(RemoteWebDriver.java:552)
at org.openqa.selenium.remote.RemoteWebElement.execute(RemoteWebElement.java:285)
at org.openqa.selenium.remote.RemoteWebElement.click(RemoteWebElement.java:84)
at autotest.pages.CreateInvoicePage.clearSelectedHangHoa(CreateInvoicePage.java:218)
at autotest.testcases.CreateInvoicePageTestCase.tc4_TaoMoiThanhCong(CreateInvoicePageTestCase.java:107)
at java.base/jdk.internal.reflect.DirectMethodHandleAccessor.invoke(DirectMethodHandleAccessor.java:103)
at java.base/java.lang.reflect.Method.invoke(Method.java:580)
at org.testng.internal.MethodInvocationHelper.invokeMethod(MethodInvocationHelper.java:133)
at org.testng.internal.TestInvoker.invokeMethod(TestInvoker.java:598)
at org.testng.internal.TestInvoker.invokeTestMethod(TestInvoker.java:173)
at org.testng.internal.MethodRunner.runInSequence(MethodRunner.java:46)
at org.testng.internal.TestInvoker$MethodInvocationAgent.invoke(TestInvoker.java:824)
at org.testng.internal.TestInvoker.invokeTestMethods(TestInvoker.java:146)
at org.testng.internal.TestMethodWorker.invokeTestMethods(TestMethodWorker.java:146)
at org.testng.internal.TestMethodWorker.run(TestMethodWorker.java:128)
at java.base/java.util.ArrayList.forEach(ArrayList.java:1597)
at org.testng.TestRunner.privateRun(TestRunner.java:794)
at org.testng.TestRunner.run(TestRunner.java:596)
at org.testng.SuiteRunner.runTest(SuiteRunner.java:377)
at org.testng.SuiteRunner.runSequentially(SuiteRunner.java:371)
at org.testng.SuiteRunner.privateRun(SuiteRunner.java:332)
at org.testng.SuiteRunner.run(SuiteRunner.java:276)
at org.testng.SuiteRunnerWorker.runSuite(SuiteRunnerWorker.java:53)
at org.testng.SuiteRunnerWorker.run(SuiteRunnerWorker.java:96)
at org.testng.TestNG.runSuitesSequentially(TestNG.java:1212)
at org.testng.TestNG.runSuitesLocally(TestNG.java:1134)
at org.testng.TestNG.runSuites(TestNG.java:1063)
at org.testng.TestNG.run(TestNG.java:1031)
at org.testng.remote.AbstractRemoteTestNG.run(AbstractRemoteTestNG.java:115)
at org.testng.remote.RemoteTestNG.initAndRun(RemoteTestNG.java:293)
at org.testng.remote.RemoteTestNG.main(RemoteTestNG.java:91)
]]>
            </full-stacktrace>
          </exception> <!-- org.openqa.selenium.ElementClickInterceptedException -->
          <reporter-output>
          </reporter-output>
        </test-method> <!-- tc4_TaoMoiThanhCong -->
        <test-method is-config="true" signature="close()[pri:0, instance:autotest.testcases.CreateInvoicePageTestCase@36bc55de]" started-at="2024-12-01T18:51:00 GMT+07:00" name="close" finished-at="2024-12-01T18:51:01 GMT+07:00" duration-ms="124" status="PASS">
          <reporter-output>
          </reporter-output>
        </test-method> <!-- close -->
      </class> <!-- autotest.testcases.CreateInvoicePageTestCase -->
    </test> <!-- Default test -->
  </suite> <!-- Default suite -->
</testng-results>
