<?xml version="1.0" encoding="UTF-8"?>
<!-- Generated by org.testng.reporters.JUnitReportReporter -->
<testsuite hostname="DESKTOP-TBASD4Q" failures="0" tests="4" name="autotest.testcasesHD.LoginTestcases" time="4.596" errors="1" timestamp="2025-12-03T19:04:06 ICT" skipped="3">
  <testcase classname="autotest.testcasesHD.LoginTestcases" name="loginWrongUser" time="0.000">
    <skipped/>
  </testcase> <!-- loginWrongUser -->
  <system-out/>
  <testcase classname="autotest.testcasesHD.LoginTestcases" name="loginWrongpass" time="0.000">
    <skipped/>
  </testcase> <!-- loginWrongpass -->
  <system-out/>
  <testcase classname="autotest.testcasesHD.LoginTestcases" name="loginsuccess" time="0.000">
    <skipped/>
  </testcase> <!-- loginsuccess -->
  <system-out/>
  <testcase classname="autotest.testcasesHD.LoginTestcases" name="startBrowser" time="4.596">
    <error message="session not created: This version of ChromeDriver only supports Chrome version 136
Current browser version is 142.0.7444.177 with binary path C:\Program Files\Google\Chrome\Application\chrome.exe
Build info: version: &#039;3.141.59&#039;, revision: &#039;e82be7d358&#039;, time: &#039;2018-11-14T08:17:03&#039;
System info: host: &#039;DESKTOP-TBASD4Q&#039;, ip: &#039;192.168.0.105&#039;, os.name: &#039;Windows 10&#039;, os.arch: &#039;amd64&#039;, os.version: &#039;10.0&#039;, java.version: &#039;22.0.2&#039;
Driver info: driver.version: ChromeDriver
remote stacktrace: 	GetHandleVerifier [0x005CFC83+61635]
	GetHandleVerifier [0x005CFCC4+61700]
	(No symbol) [0x003F05D3]
	(No symbol) [0x0042A04B]
	(No symbol) [0x00429069]
	(No symbol) [0x00424017]
	(No symbol) [0x0041F6C9]
	(No symbol) [0x00468DF3]
	(No symbol) [0x0046880A]
	(No symbol) [0x0045D096]
	(No symbol) [0x0042C840]
	(No symbol) [0x0042D6A4]
	GetHandleVerifier [0x008545A3+2701795]
	GetHandleVerifier [0x0084FD26+2683238]
	GetHandleVerifier [0x0086AA6E+2793134]
	GetHandleVerifier [0x005E6945+155013]
	GetHandleVerifier [0x005ED02D+181357]
	GetHandleVerifier [0x005D74D8+92440]
	GetHandleVerifier [0x005D7680+92864]
	GetHandleVerifier [0x005C2070+5296]
	BaseThreadInitThunk [0x7541FCC9+25]
	RtlGetAppContainerNamedObjectPath [0x775F82AE+286]
	RtlGetAppContainerNamedObjectPath [0x775F827E+238]
" type="org.openqa.selenium.SessionNotCreatedException">
      <![CDATA[org.openqa.selenium.SessionNotCreatedException: session not created: This version of ChromeDriver only supports Chrome version 136
Current browser version is 142.0.7444.177 with binary path C:\Program Files\Google\Chrome\Application\chrome.exe
Build info: version: '3.141.59', revision: 'e82be7d358', time: '2018-11-14T08:17:03'
System info: host: 'DESKTOP-TBASD4Q', ip: '192.168.0.105', os.name: 'Windows 10', os.arch: 'amd64', os.version: '10.0', java.version: '22.0.2'
Driver info: driver.version: ChromeDriver
remote stacktrace: GetHandleVerifier [0x005CFC83+61635]
GetHandleVerifier [0x005CFCC4+61700]
(No symbol) [0x003F05D3]
(No symbol) [0x0042A04B]
(No symbol) [0x00429069]
(No symbol) [0x00424017]
(No symbol) [0x0041F6C9]
(No symbol) [0x00468DF3]
(No symbol) [0x0046880A]
(No symbol) [0x0045D096]
(No symbol) [0x0042C840]
(No symbol) [0x0042D6A4]
GetHandleVerifier [0x008545A3+2701795]
GetHandleVerifier [0x0084FD26+2683238]
GetHandleVerifier [0x0086AA6E+2793134]
GetHandleVerifier [0x005E6945+155013]
GetHandleVerifier [0x005ED02D+181357]
GetHandleVerifier [0x005D74D8+92440]
GetHandleVerifier [0x005D7680+92864]
GetHandleVerifier [0x005C2070+5296]
BaseThreadInitThunk [0x7541FCC9+25]
RtlGetAppContainerNamedObjectPath [0x775F82AE+286]
RtlGetAppContainerNamedObjectPath [0x775F827E+238]

at java.base/jdk.internal.reflect.DirectConstructorHandleAccessor.newInstance(DirectConstructorHandleAccessor.java:62)
at java.base/java.lang.reflect.Constructor.newInstanceWithCaller(Constructor.java:502)
at java.base/java.lang.reflect.Constructor.newInstance(Constructor.java:486)
at org.openqa.selenium.remote.W3CHandshakeResponse.lambda$errorHandler$0(W3CHandshakeResponse.java:62)
at org.openqa.selenium.remote.HandshakeResponse.lambda$getResponseFunction$0(HandshakeResponse.java:30)
at org.openqa.selenium.remote.ProtocolHandshake.lambda$createSession$0(ProtocolHandshake.java:126)
at java.base/java.util.stream.ReferencePipeline$3$1.accept(ReferencePipeline.java:212)
at java.base/java.util.Spliterators$ArraySpliterator.tryAdvance(Spliterators.java:1034)
at java.base/java.util.stream.ReferencePipeline.forEachWithCancel(ReferencePipeline.java:144)
at java.base/java.util.stream.AbstractPipeline.copyIntoWithCancel(AbstractPipeline.java:574)
at java.base/java.util.stream.AbstractPipeline.copyInto(AbstractPipeline.java:560)
at java.base/java.util.stream.AbstractPipeline.wrapAndCopyInto(AbstractPipeline.java:546)
at java.base/java.util.stream.FindOps$FindOp.evaluateSequential(FindOps.java:150)
at java.base/java.util.stream.AbstractPipeline.evaluate(AbstractPipeline.java:265)
at java.base/java.util.stream.ReferencePipeline.findFirst(ReferencePipeline.java:662)
at org.openqa.selenium.remote.ProtocolHandshake.createSession(ProtocolHandshake.java:128)
at org.openqa.selenium.remote.ProtocolHandshake.createSession(ProtocolHandshake.java:74)
at org.openqa.selenium.remote.HttpCommandExecutor.execute(HttpCommandExecutor.java:136)
at org.openqa.selenium.remote.service.DriverCommandExecutor.execute(DriverCommandExecutor.java:83)
at org.openqa.selenium.remote.RemoteWebDriver.execute(RemoteWebDriver.java:552)
at org.openqa.selenium.remote.RemoteWebDriver.startSession(RemoteWebDriver.java:213)
at org.openqa.selenium.remote.RemoteWebDriver.<init>(RemoteWebDriver.java:131)
at org.openqa.selenium.chrome.ChromeDriver.<init>(ChromeDriver.java:181)
at org.openqa.selenium.chrome.ChromeDriver.<init>(ChromeDriver.java:168)
at org.openqa.selenium.chrome.ChromeDriver.<init>(ChromeDriver.java:123)
at autocom.common.CommonPage.startBrower(CommonPage.java:73)
at autotest.testcasesHD.LoginTestcases.startBrowser(LoginTestcases.java:50)
at java.base/jdk.internal.reflect.DirectMethodHandleAccessor.invoke(DirectMethodHandleAccessor.java:103)
at java.base/java.lang.reflect.Method.invoke(Method.java:580)
at org.testng.internal.MethodInvocationHelper.invokeMethod(MethodInvocationHelper.java:133)
at org.testng.internal.MethodInvocationHelper.invokeMethodConsideringTimeout(MethodInvocationHelper.java:62)
at org.testng.internal.ConfigInvoker.invokeConfigurationMethod(ConfigInvoker.java:385)
at org.testng.internal.ConfigInvoker.invokeConfigurations(ConfigInvoker.java:321)
at org.testng.TestRunner.invokeTestConfigurations(TestRunner.java:637)
at org.testng.TestRunner.beforeRun(TestRunner.java:627)
at org.testng.TestRunner.run(TestRunner.java:589)
at org.testng.SuiteRunner.runTest(SuiteRunner.java:377)
at org.testng.SuiteRunner.runSequentially(SuiteRunner.java:371)
at org.testng.SuiteRunner.privateRun(SuiteRunner.java:332)
at org.testng.SuiteRunner.run(SuiteRunner.java:276)
at org.testng.SuiteRunnerWorker.runSuite(SuiteRunnerWorker.java:53)
at org.testng.SuiteRunnerWorker.run(SuiteRunnerWorker.java:96)
at org.testng.TestNG.runSuitesSequentially(TestNG.java:1212)
at org.testng.TestNG.runSuitesLocally(TestNG.java:1134)
at org.testng.TestNG.runSuites(TestNG.java:1063)
at org.testng.TestNG.run(TestNG.java:1031)
at org.testng.remote.AbstractRemoteTestNG.run(AbstractRemoteTestNG.java:115)
at org.testng.remote.RemoteTestNG.initAndRun(RemoteTestNG.java:293)
at org.testng.remote.RemoteTestNG.main(RemoteTestNG.java:91)
]]>
    </error>
  </testcase> <!-- startBrowser -->
  <system-out/>
</testsuite> <!-- autotest.testcasesHD.LoginTestcases -->
