<?xml version="1.0" encoding="UTF-8"?>
<!-- Generated by org.testng.reporters.JUnitXMLReporter -->
<testsuite ignored="0" hostname="David-Hos-MacBook-Pro.local" failures="0" tests="4" name="Default test" time="24.897" errors="0" timestamp="2024-11-26T22:44:07 GMT+07:00">
  <testcase classname="autotest.testcases.ThucHanhBuoi8" name="tc1" time="0.016"/>
  <testcase classname="autotest.testcases.ThucHanhBuoi8" name="tc2" time="9.255"/>
  <testcase classname="autotest.testcases.ThucHanhBuoi8" name="tc3" time="3.509"/>
  <testcase classname="autotest.testcases.ThucHanhBuoi8" name="tcWithTable" time="0.511"/>
</testsuite> <!-- Default test -->
