<?xml version="1.0" encoding="UTF-8"?>
<!-- Generated by org.testng.reporters.JUnitXMLReporter -->
<testsuite ignored="1" hostname="NgD" failures="0" tests="2" name="Default test" time="19.877" errors="0" timestamp="2024-12-06T21:42:53 ICT">
  <testcase classname="autotest.pages.PageInvoice" name="loginValidAccount" time="1.656"/>
  <testcase classname="autotest.pages.PageInvoice" name="createInvoice" time="7.249"/>
  <testcase classname="autotest.pages.PageInvoice" name="navigateInvoicePage" time="0.0">
    <ignored/>
  </testcase> <!-- navigateInvoicePage -->
</testsuite> <!-- Default test -->
