<?xml version="1.0" encoding="UTF-8"?>
<!-- Generated by org.testng.reporters.JUnitXMLReporter -->
<testsuite ignored="0" hostname="OanhKieu" failures="0" tests="3" name="Default test" time="34.121" errors="0" timestamp="2024-11-27T22:51:01 GMT+07:00">
  <testcase classname="autotest.pages.Oanh_B9_LoginPage" name="notFound" time="4.139"/>
  <testcase classname="autotest.pages.Oanh_B9_LoginPage" name="wrongPw" time="1.063"/>
  <testcase classname="autotest.pages.Oanh_B9_LoginPage" name="successLogin" time="3.854"/>
</testsuite> <!-- Default test -->
