<?xml version="1.0" encoding="UTF-8"?>
<!-- Generated by org.testng.reporters.JUnitXMLReporter -->
<testsuite ignored="0" hostname="DESKTOP-3M7C8VD" failures="0" tests="3" name="Default test" time="26.401" errors="0" timestamp="2024-11-27T21:28:49 GMT+07:00">
  <testcase classname="autotest.pages.LoginPage" name="TC01_Fail1" time="1.527"/>
  <testcase classname="autotest.pages.LoginPage" name="TC01_Fail2" time="1.346"/>
  <testcase classname="autotest.pages.LoginPage" name="TC01_Success" time="0.39"/>
</testsuite> <!-- Default test -->
