<?xml version="1.0" encoding="UTF-8"?>
<!-- Generated by org.testng.reporters.JUnitXMLReporter -->
<testsuite ignored="4" hostname="NgD" failures="0" tests="1" name="Default test" time="5.043" errors="0" timestamp="2024-11-29T15:57:21 ICT">
  <testcase classname="autotest.pages.PageLogin" name="clickFortgetPassword" time="0.281"/>
  <testcase classname="autotest.pages.PageLogin" name="loginDeactivatedAccount" time="0.0">
    <ignored/>
  </testcase> <!-- loginDeactivatedAccount -->
  <testcase classname="autotest.pages.PageLogin" name="loginValidAccount" time="0.0">
    <ignored/>
  </testcase> <!-- loginValidAccount -->
  <testcase classname="autotest.pages.PageLogin" name="loginInvalidAccount" time="0.0">
    <ignored/>
  </testcase> <!-- loginInvalidAccount -->
  <testcase classname="autotest.pages.PageLogin" name="loginInvalidPassword" time="0.0">
    <ignored/>
  </testcase> <!-- loginInvalidPassword -->
</testsuite> <!-- Default test -->
