<?xml version="1.0" encoding="UTF-8"?>
<!-- Generated by org.testng.reporters.JUnitXMLReporter -->
<testsuite ignored="0" hostname="DESKTOP-TBASD4Q" failures="0" tests="3" name="Default test" time="6.492" errors="0" timestamp="2025-05-18T15:00:47 ICT">
  <testcase classname="autotest.testcasesHD.LoginTestcases" name="@BeforeTest startBrowser" time="6.144">
    <failure type="org.openqa.selenium.SessionNotCreatedException" message="session not created: This version of ChromeDriver only supports Chrome version 123
Current browser version is 136.0.7103.114 with binary path C:\Program Files\Google\Chrome\Application\chrome.exe
Build info: version: &amp;apos;3.141.59&amp;apos;, revision: &amp;apos;e82be7d358&amp;apos;, time: &amp;apos;2018-11-14T08:17:03&amp;apos;
System info: host: &amp;apos;DESKTOP-TBASD4Q&amp;apos;, ip: &amp;apos;26.118.50.0&amp;apos;, os.name: &amp;apos;Windows 10&amp;apos;, os.arch: &amp;apos;amd64&amp;apos;, os.version: &amp;apos;10.0&amp;apos;, java.version: &amp;apos;22.0.2&amp;apos;
Driver info: driver.version: ChromeDriver
remote stacktrace: 	GetHandleVerifier [0x00007FF7602A70C2+63090]
	(No symbol) [0x00007FF760212D12]
	(No symbol) [0x00007FF7600AEC65]
	(No symbol) [0x00007FF7600E54C2]
	(No symbol) [0x00007FF7600E48CF]
	(No symbol) [0x00007FF7600DE8C5]
	(No symbol) [0x00007FF7600DB2F4]
	(No symbol) [0x00007FF760120BFB]
	(No symbol) [0x00007FF760120830]
	(No symbol) [0x00007FF760116D83]
	(No symbol) [0x00007FF7600E83A8]
	(No symbol) [0x00007FF7600E9441]
	GetHandleVerifier [0x00007FF7606A262D+4238301]
	GetHandleVerifier [0x00007FF7606DF78D+4488509]
	GetHandleVerifier [0x00007FF7606D7A6F+4456479]
	GetHandleVerifier [0x00007FF760380606+953270]
	(No symbol) [0x00007FF76021E5DF]
	(No symbol) [0x00007FF7602192B4]
	(No symbol) [0x00007FF7602193EB]
	(No symbol) [0x00007FF760209C24]
	BaseThreadInitThunk [0x00007FFF2F007374+20]
	RtlUserThreadStart [0x00007FFF30C1CC91+33]
">
      <![CDATA[org.openqa.selenium.SessionNotCreatedException: session not created: This version of ChromeDriver only supports Chrome version 123
Current browser version is 136.0.7103.114 with binary path C:\Program Files\Google\Chrome\Application\chrome.exe
Build info: version: '3.141.59', revision: 'e82be7d358', time: '2018-11-14T08:17:03'
System info: host: 'DESKTOP-TBASD4Q', ip: '26.118.50.0', os.name: 'Windows 10', os.arch: 'amd64', os.version: '10.0', java.version: '22.0.2'
Driver info: driver.version: ChromeDriver
remote stacktrace: GetHandleVerifier [0x00007FF7602A70C2+63090]
(No symbol) [0x00007FF760212D12]
(No symbol) [0x00007FF7600AEC65]
(No symbol) [0x00007FF7600E54C2]
(No symbol) [0x00007FF7600E48CF]
(No symbol) [0x00007FF7600DE8C5]
(No symbol) [0x00007FF7600DB2F4]
(No symbol) [0x00007FF760120BFB]
(No symbol) [0x00007FF760120830]
(No symbol) [0x00007FF760116D83]
(No symbol) [0x00007FF7600E83A8]
(No symbol) [0x00007FF7600E9441]
GetHandleVerifier [0x00007FF7606A262D+4238301]
GetHandleVerifier [0x00007FF7606DF78D+4488509]
GetHandleVerifier [0x00007FF7606D7A6F+4456479]
GetHandleVerifier [0x00007FF760380606+953270]
(No symbol) [0x00007FF76021E5DF]
(No symbol) [0x00007FF7602192B4]
(No symbol) [0x00007FF7602193EB]
(No symbol) [0x00007FF760209C24]
BaseThreadInitThunk [0x00007FFF2F007374+20]
RtlUserThreadStart [0x00007FFF30C1CC91+33]

at java.base/jdk.internal.reflect.DirectConstructorHandleAccessor.newInstance(DirectConstructorHandleAccessor.java:62)
at java.base/java.lang.reflect.Constructor.newInstanceWithCaller(Constructor.java:502)
at java.base/java.lang.reflect.Constructor.newInstance(Constructor.java:486)
at org.openqa.selenium.remote.W3CHandshakeResponse.lambda$errorHandler$0(W3CHandshakeResponse.java:62)
at org.openqa.selenium.remote.HandshakeResponse.lambda$getResponseFunction$0(HandshakeResponse.java:30)
at org.openqa.selenium.remote.ProtocolHandshake.lambda$createSession$0(ProtocolHandshake.java:126)
at java.base/java.util.stream.ReferencePipeline$3$1.accept(ReferencePipeline.java:212)
at java.base/java.util.Spliterators$ArraySpliterator.tryAdvance(Spliterators.java:1034)
at java.base/java.util.stream.ReferencePipeline.forEachWithCancel(ReferencePipeline.java:144)
at java.base/java.util.stream.AbstractPipeline.copyIntoWithCancel(AbstractPipeline.java:574)
at java.base/java.util.stream.AbstractPipeline.copyInto(AbstractPipeline.java:560)
at java.base/java.util.stream.AbstractPipeline.wrapAndCopyInto(AbstractPipeline.java:546)
at java.base/java.util.stream.FindOps$FindOp.evaluateSequential(FindOps.java:150)
at java.base/java.util.stream.AbstractPipeline.evaluate(AbstractPipeline.java:265)
at java.base/java.util.stream.ReferencePipeline.findFirst(ReferencePipeline.java:662)
at org.openqa.selenium.remote.ProtocolHandshake.createSession(ProtocolHandshake.java:128)
at org.openqa.selenium.remote.ProtocolHandshake.createSession(ProtocolHandshake.java:74)
at org.openqa.selenium.remote.HttpCommandExecutor.execute(HttpCommandExecutor.java:136)
at org.openqa.selenium.remote.service.DriverCommandExecutor.execute(DriverCommandExecutor.java:83)
at org.openqa.selenium.remote.RemoteWebDriver.execute(RemoteWebDriver.java:552)
at org.openqa.selenium.remote.RemoteWebDriver.startSession(RemoteWebDriver.java:213)
at org.openqa.selenium.remote.RemoteWebDriver.<init>(RemoteWebDriver.java:131)
at org.openqa.selenium.chrome.ChromeDriver.<init>(ChromeDriver.java:181)
at org.openqa.selenium.chrome.ChromeDriver.<init>(ChromeDriver.java:168)
at org.openqa.selenium.chrome.ChromeDriver.<init>(ChromeDriver.java:123)
at autocom.common.CommonPage.startBrower(CommonPage.java:73)
at autotest.testcasesHD.LoginTestcases.startBrowser(LoginTestcases.java:48)
at java.base/jdk.internal.reflect.DirectMethodHandleAccessor.invoke(DirectMethodHandleAccessor.java:103)
at java.base/java.lang.reflect.Method.invoke(Method.java:580)
at org.testng.internal.MethodInvocationHelper.invokeMethod(MethodInvocationHelper.java:133)
at org.testng.internal.MethodInvocationHelper.invokeMethodConsideringTimeout(MethodInvocationHelper.java:62)
at org.testng.internal.ConfigInvoker.invokeConfigurationMethod(ConfigInvoker.java:385)
at org.testng.internal.ConfigInvoker.invokeConfigurations(ConfigInvoker.java:321)
at org.testng.TestRunner.invokeTestConfigurations(TestRunner.java:637)
at org.testng.TestRunner.beforeRun(TestRunner.java:627)
at org.testng.TestRunner.run(TestRunner.java:589)
at org.testng.SuiteRunner.runTest(SuiteRunner.java:377)
at org.testng.SuiteRunner.runSequentially(SuiteRunner.java:371)
at org.testng.SuiteRunner.privateRun(SuiteRunner.java:332)
at org.testng.SuiteRunner.run(SuiteRunner.java:276)
at org.testng.SuiteRunnerWorker.runSuite(SuiteRunnerWorker.java:53)
at org.testng.SuiteRunnerWorker.run(SuiteRunnerWorker.java:96)
at org.testng.TestNG.runSuitesSequentially(TestNG.java:1212)
at org.testng.TestNG.runSuitesLocally(TestNG.java:1134)
at org.testng.TestNG.runSuites(TestNG.java:1063)
at org.testng.TestNG.run(TestNG.java:1031)
at org.testng.remote.AbstractRemoteTestNG.run(AbstractRemoteTestNG.java:115)
at org.testng.remote.RemoteTestNG.initAndRun(RemoteTestNG.java:293)
at org.testng.remote.RemoteTestNG.main(RemoteTestNG.java:91)
]]>
    </failure>
  </testcase> <!-- @BeforeTest startBrowser -->
  <testcase classname="autotest.testcasesHD.LoginTestcases" name="@AfterTest closeBrowser" time="-1.74755524728E9">
    <skipped/>
  </testcase> <!-- @AfterTest closeBrowser -->
  <testcase classname="autotest.testcasesHD.LoginTestcases" name="loginWrongUser" time="0.0">
    <skipped/>
  </testcase> <!-- loginWrongUser -->
  <testcase classname="autotest.testcasesHD.LoginTestcases" name="loginWrongpass" time="0.0">
    <skipped/>
  </testcase> <!-- loginWrongpass -->
  <testcase classname="autotest.testcasesHD.LoginTestcases" name="loginsuccess" time="0.0">
    <skipped/>
  </testcase> <!-- loginsuccess -->
</testsuite> <!-- Default test -->
